<?xml version="1.0" encoding="UTF-8"?>
<testng-results ignored="0" total="1" passed="1" failed="0" skipped="0">
  <reporter-output>
  </reporter-output>
  <suite started-at="2023-04-06T18:02:57 IST" name="Default suite" finished-at="2023-04-06T18:02:59 IST" duration-ms="2302">
    <groups>
    </groups>
    <test started-at="2023-04-06T18:02:57 IST" name="Default test" finished-at="2023-04-06T18:02:59 IST" duration-ms="2302">
      <class name="pdfReader.PDFReaderTest01">
        <test-method is-config="true" signature="setUp()[pri:0, instance:pdfReader.PDFReaderTest01@661972b0]" started-at="2023-04-06T18:02:57 IST" name="setUp" finished-at="2023-04-06T18:02:58 IST" duration-ms="1223" status="PASS">
          <reporter-output>
          </reporter-output>
        </test-method> <!-- setUp -->
        <test-method signature="pdfReaderTest()[pri:0, instance:pdfReader.PDFReaderTest01@661972b0]" started-at="2023-04-06T18:02:58 IST" name="pdfReaderTest" finished-at="2023-04-06T18:02:59 IST" duration-ms="854" status="PASS">
          <reporter-output>
          </reporter-output>
        </test-method> <!-- pdfReaderTest -->
        <test-method is-config="true" signature="tearDown()[pri:0, instance:pdfReader.PDFReaderTest01@661972b0]" started-at="2023-04-06T18:02:59 IST" name="tearDown" finished-at="2023-04-06T18:02:59 IST" duration-ms="170" status="PASS">
          <reporter-output>
          </reporter-output>
        </test-method> <!-- tearDown -->
      </class> <!-- pdfReader.PDFReaderTest01 -->
    </test> <!-- Default test -->
  </suite> <!-- Default suite -->
</testng-results>
